#
# There is insufficient memory for the Java Runtime Environment to continue.
# Native memory allocation (mmap) failed to map 264241152 bytes for G1 virtual space
# Possible reasons:
#   The system is out of physical RAM or swap space
#   The process is running with CompressedOops enabled, and the Java Heap may be blocking the growth of the native heap
# Possible solutions:
#   Reduce memory load on the system
#   Increase physical memory or swap space
#   Check if swap backing store is full
#   Decrease Java heap size (-Xmx/-Xms)
#   Decrease number of Java threads
#   Decrease Java thread stack sizes (-Xss)
#   Set larger code cache with -XX:ReservedCodeCacheSize=
#   JVM is running with Zero Based Compressed Oops mode in which the Java heap is
#     placed in the first 32GB address space. The Java Heap base address is the
#     maximum limit for the native heap growth. Please use -XX:HeapBaseMinAddress
#     to set the Java Heap base and to place the Java Heap above 32GB virtual address.
# This output file may be truncated or incomplete.
#
#  Out of Memory Error (os_windows.cpp:3825), pid=23892, tid=9788
#
# JRE version:  (17.0.10) (build )
# Java VM: OpenJDK 64-Bit Server VM (17.0.10+0--11572160, mixed mode, sharing, tiered, compressed oops, compressed class ptrs, g1 gc, windows-amd64)
# No core dump will be written. Minidumps are not enabled by default on client versions of Windows
#

---------------  S U M M A R Y ------------

Command Line: git4idea.http.GitAskPassApp Username for 'https://github.com': 

Host: 11th Gen Intel(R) Core(TM) i7-11370H @ 3.30GHz, 8 cores, 15G,  Windows 11 , 64 bit Build 22621 (10.0.22621.3672)
Time: Sat Jun 15 18:25:22 2024 India Standard Time elapsed time: 0.202033 seconds (0d 0h 0m 0s)

---------------  T H R E A D  ---------------

Current thread (0x000002a1f353e800):  JavaThread "Unknown thread" [_thread_in_vm, id=9788, stack(0x000000d503200000,0x000000d503300000)]

Stack: [0x000000d503200000,0x000000d503300000]
Native frames: (J=compiled Java code, j=interpreted, Vv=VM code, C=native code)
V  [jvm.dll+0x688e89]
V  [jvm.dll+0x84247a]
V  [jvm.dll+0x8440be]
V  [jvm.dll+0x844723]
V  [jvm.dll+0x24be0f]
V  [jvm.dll+0x685c59]
V  [jvm.dll+0x67a50a]
V  [jvm.dll+0x30cbab]
V  [jvm.dll+0x314056]
V  [jvm.dll+0x363dce]
V  [jvm.dll+0x363fff]
V  [jvm.dll+0x2e2978]
V  [jvm.dll+0x2e38e4]
V  [jvm.dll+0x813011]
V  [jvm.dll+0x371c81]
V  [jvm.dll+0x7f1b66]
V  [jvm.dll+0x3f58df]
V  [jvm.dll+0x3f7511]
C  [jli.dll+0x528f]
C  [ucrtbase.dll+0x29333]
C  [KERNEL32.DLL+0x1257d]
C  [ntdll.dll+0x5af28]


---------------  P R O C E S S  ---------------

Threads class SMR info:
_java_thread_list=0x00007ffea574ef58, length=0, elements={
}

Java Threads: ( => current thread )

Other Threads:
  0x000002a1f35a8ac0 GCTaskThread "GC Thread#0" [stack: 0x000000d503300000,0x000000d503400000] [id=18796]
  0x000002a1f35b9610 ConcurrentGCThread "G1 Main Marker" [stack: 0x000000d503400000,0x000000d503500000] [id=21952]
  0x000002a1f35ba030 ConcurrentGCThread "G1 Conc#0" [stack: 0x000000d503500000,0x000000d503600000] [id=10788]

[error occurred during error reporting (printing all threads), id 0xc0000005, EXCEPTION_ACCESS_VIOLATION (0xc0000005) at pc=0x00007ffea4f03547]

VM state: not at safepoint (not fully initialized)

VM Mutex/Monitor currently owned by a thread:  ([mutex/lock_event])
[0x000002a1f3539760] Heap_lock - owner thread: 0x000002a1f353e800

Heap address: 0x0000000704000000, size: 4032 MB, Compressed Oops mode: Zero based, Oop shift amount: 3

CDS archive(s) mapped at: [0x0000000000000000-0x0000000000000000-0x0000000000000000), size 0, SharedBaseAddress: 0x0000000800000000, ArchiveRelocationMode: 1.
Narrow klass base: 0x0000000000000000, Narrow klass shift: 0, Narrow klass range: 0x0

GC Precious Log:
<Empty>

Heap:
 garbage-first heap   total 0K, used 0K [0x0000000704000000, 0x0000000800000000)
  region size 2048K, 0 young (0K), 0 survivors (0K)
 Metaspace       used 0K, committed 0K, reserved 0K
  class space    used 0K, committed 0K, reserved 0K

Heap Regions: E=young(eden), S=young(survivor), O=old, HS=humongous(starts), HC=humongous(continues), CS=collection set, F=free, OA=open archive, CA=closed archive, TAMS=top-at-mark-start (previous, next)

Card table byte_map: [0x000002a1f7520000,0x000002a1f7d00000] _byte_map_base: 0x000002a1f3d00000

Marking Bits (Prev, Next): (CMBitMap*) 0x000002a1f35a90e0, (CMBitMap*) 0x000002a1f35a9120
 Prev Bits: [0x000002a1f84e0000, 0x000002a1fc3e0000)
 Next Bits: [0x000002a18f000000, 0x000002a192f00000)

GC Heap History (0 events):
No events

Dll operation events (1 events):
Event: 0.096 Loaded shared library C:\Program Files\Android\Android Studio\jbr\bin\java.dll

Deoptimization events (0 events):
No events

Classes unloaded (0 events):
No events

Classes redefined (0 events):
No events

Internal exceptions (0 events):
No events

VM Operations (0 events):
No events

Events (0 events):
No events


Dynamic libraries:
0x00007ff62dd00000 - 0x00007ff62dd0a000 	C:\Program Files\Android\Android Studio\jbr\bin\java.exe
0x00007fff40190000 - 0x00007fff403a7000 	C:\WINDOWS\SYSTEM32\ntdll.dll
0x00007fff3fa70000 - 0x00007fff3fb34000 	C:\WINDOWS\System32\KERNEL32.DLL
0x00007fff3d930000 - 0x00007fff3dcdc000 	C:\WINDOWS\System32\KERNELBASE.dll
0x00007fff3d700000 - 0x00007fff3d811000 	C:\WINDOWS\System32\ucrtbase.dll
0x00007ffeed3f0000 - 0x00007ffeed407000 	C:\Program Files\Android\Android Studio\jbr\bin\jli.dll
0x00007fff3fbf0000 - 0x00007fff3fd9e000 	C:\WINDOWS\System32\USER32.dll
0x00007fff3d5b0000 - 0x00007fff3d5d6000 	C:\WINDOWS\System32\win32u.dll
0x00007fff3ded0000 - 0x00007fff3def9000 	C:\WINDOWS\System32\GDI32.dll
0x00007fff3d5e0000 - 0x00007fff3d6f9000 	C:\WINDOWS\System32\gdi32full.dll
0x00007fff3d820000 - 0x00007fff3d8ba000 	C:\WINDOWS\System32\msvcp_win.dll
0x00007ffed7c40000 - 0x00007ffed7c5b000 	C:\Program Files\Android\Android Studio\jbr\bin\VCRUNTIME140.dll
0x00007fff25c40000 - 0x00007fff25ed3000 	C:\WINDOWS\WinSxS\amd64_microsoft.windows.common-controls_6595b64144ccf1df_6.0.22621.3672_none_2713b9d173822955\COMCTL32.dll
0x00007fff3e250000 - 0x00007fff3e2f7000 	C:\WINDOWS\System32\msvcrt.dll
0x00007fff3df90000 - 0x00007fff3dfc1000 	C:\WINDOWS\System32\IMM32.DLL
0x00007fff1bc80000 - 0x00007fff1bc8c000 	C:\Program Files\Android\Android Studio\jbr\bin\vcruntime140_1.dll
0x00007ffed3b10000 - 0x00007ffed3b9d000 	C:\Program Files\Android\Android Studio\jbr\bin\msvcp140.dll
0x00007ffea4c10000 - 0x00007ffea5893000 	C:\Program Files\Android\Android Studio\jbr\bin\server\jvm.dll
0x00007fff3e350000 - 0x00007fff3e402000 	C:\WINDOWS\System32\ADVAPI32.dll
0x00007fff3fb40000 - 0x00007fff3fbea000 	C:\WINDOWS\System32\sechost.dll
0x00007fff3d580000 - 0x00007fff3d5a8000 	C:\WINDOWS\System32\bcrypt.dll
0x00007fff3dfd0000 - 0x00007fff3e0e5000 	C:\WINDOWS\System32\RPCRT4.dll
0x00007fff3c350000 - 0x00007fff3c39d000 	C:\WINDOWS\SYSTEM32\POWRPROF.dll
0x00007fff233d0000 - 0x00007fff233d9000 	C:\WINDOWS\SYSTEM32\WSOCK32.dll
0x00007fff3fe50000 - 0x00007fff3fec1000 	C:\WINDOWS\System32\WS2_32.dll
0x00007fff37f50000 - 0x00007fff37f84000 	C:\WINDOWS\SYSTEM32\WINMM.dll
0x00007fff2bae0000 - 0x00007fff2baea000 	C:\WINDOWS\SYSTEM32\VERSION.dll
0x00007fff3c330000 - 0x00007fff3c343000 	C:\WINDOWS\SYSTEM32\UMPDC.dll
0x00007fff3c5e0000 - 0x00007fff3c5f8000 	C:\WINDOWS\SYSTEM32\kernel.appcore.dll
0x00007fff233c0000 - 0x00007fff233ca000 	C:\Program Files\Android\Android Studio\jbr\bin\jimage.dll
0x00007fff3ad00000 - 0x00007fff3af32000 	C:\WINDOWS\SYSTEM32\DBGHELP.DLL
0x00007fff3e420000 - 0x00007fff3e7a8000 	C:\WINDOWS\System32\combase.dll
0x00007fff3ee50000 - 0x00007fff3ef27000 	C:\WINDOWS\System32\OLEAUT32.dll
0x00007fff37f10000 - 0x00007fff37f42000 	C:\WINDOWS\SYSTEM32\dbgcore.DLL
0x00007fff3de50000 - 0x00007fff3decb000 	C:\WINDOWS\System32\bcryptPrimitives.dll
0x00007fff22f50000 - 0x00007fff22f75000 	C:\Program Files\Android\Android Studio\jbr\bin\java.dll

dbghelp: loaded successfully - version: 4.0.5 - missing functions: none
symbol engine: initialized successfully - sym options: 0x614 - pdb path: .;C:\Program Files\Android\Android Studio\jbr\bin;C:\WINDOWS\SYSTEM32;C:\WINDOWS\WinSxS\amd64_microsoft.windows.common-controls_6595b64144ccf1df_6.0.22621.3672_none_2713b9d173822955;C:\Program Files\Android\Android Studio\jbr\bin\server

VM Arguments:
java_command: git4idea.http.GitAskPassApp Username for 'https://github.com': 
java_class_path (initial): C:/Program Files/Android/Android Studio/plugins/vcs-git/lib/git4idea-rt.jar;C:/Program Files/Android/Android Studio/lib/externalProcess-rt.jar
Launcher Type: SUN_STANDARD

[Global flags]
     intx CICompilerCount                          = 4                                         {product} {ergonomic}
     uint ConcGCThreads                            = 2                                         {product} {ergonomic}
     uint G1ConcRefinementThreads                  = 8                                         {product} {ergonomic}
   size_t G1HeapRegionSize                         = 2097152                                   {product} {ergonomic}
    uintx GCDrainStackTargetSize                   = 64                                        {product} {ergonomic}
   size_t InitialHeapSize                          = 264241152                                 {product} {ergonomic}
   size_t MarkStackSize                            = 4194304                                   {product} {ergonomic}
   size_t MaxHeapSize                              = 4227858432                                {product} {ergonomic}
   size_t MinHeapDeltaBytes                        = 2097152                                   {product} {ergonomic}
   size_t MinHeapSize                              = 8388608                                   {product} {ergonomic}
    uintx NonNMethodCodeHeapSize                   = 5839372                                {pd product} {ergonomic}
    uintx NonProfiledCodeHeapSize                  = 122909434                              {pd product} {ergonomic}
    uintx ProfiledCodeHeapSize                     = 122909434                              {pd product} {ergonomic}
    uintx ReservedCodeCacheSize                    = 251658240                              {pd product} {ergonomic}
     bool SegmentedCodeCache                       = true                                      {product} {ergonomic}
   size_t SoftMaxHeapSize                          = 4227858432                             {manageable} {ergonomic}
     bool UseCompressedClassPointers               = true                           {product lp64_product} {ergonomic}
     bool UseCompressedOops                        = true                           {product lp64_product} {ergonomic}
     bool UseG1GC                                  = true                                      {product} {ergonomic}
     bool UseLargePagesIndividualAllocation        = false                                  {pd product} {ergonomic}

Logging:
Log output configuration:
 #0: stdout all=warning uptime,level,tags
 #1: stderr all=off uptime,level,tags

Environment Variables:
PATH=C:\Program Files\Git\mingw64\libexec\git-core;C:\Program Files\Git\mingw64\libexec\git-core;C:\Program Files\Git\mingw64\bin;C:\Program Files\Git\usr\bin;C:\Users\Mohar\bin;C:\Program Files\Eclipse Adoptium\jdk-17.0.11.9-hotspot\bin;C:\Program Files\Eclipse Adoptium\jdk-11.0.23.9-hotspot\bin;C:\Program Files\Python312\Scripts;C:\Program Files\Python312;C:\Program Files (x86)\VMware\VMware Player\bin;C:\Windows\system32;C:\Windows;C:\Windows\System32\Wbem;C:\Windows\System32\WindowsPowerShell\v1.0;C:\Windows\System32\OpenSSH;C:\Program Files\NVIDIA Corporation\NVIDIA NvDLISR;C:\Program Files\dotnet;C:\MinGW\bin;C:\Program Files\CMake\bin;C:\Program Files (x86)\Windows Kits\8.1\Windows Performance Toolkit;C:\WINDOWS\system32;C:\WINDOWS;C:\WINDOWS\System32\Wbem;C:\WINDOWS\System32\WindowsPowerShell\v1.0;C:\WINDOWS\System32\OpenSSH;C:\ProgramData\chocolatey\bin;C:\MongoDB\bin;C:\Program Files\Git\cmd;C:\Program Files\PuTTY;C:\Users\Mohar\AppData\Roaming\nvm;C:\Program Files\nodejs;C:\Program Files\OpenSSL-Win64\bin;C:\Users\Mohar\Downloads\platform-tools-latest-windows\platform-tools;C:\Users\Mohar\Downloads\OpenJDK21U-jdk_x64_windows_hotspot_21.0.3_9\jdk-21.0.3+9\bin;C:\src\flutter\bin;C:\Users\Mohar\AppData\Local\Pub\Cache\bin;C:\flutter\.pub-cache\bin;C:\Users\Mohar\AppData\Local\Microsoft\WindowsApps;C:\Users\Mohar\AppData\Local\Programs\Microsoft VS Code\bin;C:\Users\Mohar\AppData\Roaming\npm;C:\Users\Mohar\AppData\Roaming\nvm;C:\Program Files\nodejs;C:\Users\Mohar\AppData\Local\Pandoc;C:\Program Files\JetBrains\PyCharm Community Edition 2024.1\bin;C:\Users\Mohar\Downloads\platform-tools-latest-windows\platform-tools;C:\flutter\.pub-cache\bin;C:\src\flutter\bin;C:\Users\Mohar\AppData\Local\Programs\mongosh
USERNAME=Mohar
DISPLAY=:0.0
LC_ALL=en_US.UTF-8
TERM=xterm-256color
TMPDIR=C:\Users\Mohar\AppData\Local\Temp
OS=Windows_NT
PROCESSOR_IDENTIFIER=Intel64 Family 6 Model 140 Stepping 1, GenuineIntel
TMP=C:\Users\Mohar\AppData\Local\Temp
TEMP=C:\Users\Mohar\AppData\Local\Temp



Periodic native trim disabled

JNI global refs:
JNI global refs: 0, weak refs: 0

JNI global refs memory usage: 0, weak refs: 0

OOME stack traces (most recent first):
Classloader memory used:


---------------  S Y S T E M  ---------------

OS:
 Windows 11 , 64 bit Build 22621 (10.0.22621.3672)
OS uptime: 0 days 9:03 hours
Hyper-V role detected

CPU: total 8 (initial active 8) (4 cores per cpu, 2 threads per core) family 6 model 140 stepping 1 microcode 0xb4, cx8, cmov, fxsr, ht, mmx, 3dnowpref, sse, sse2, sse3, ssse3, sse4.1, sse4.2, popcnt, lzcnt, tsc, tscinvbit, avx, avx2, aes, erms, clmul, bmi1, bmi2, adx, avx512f, avx512dq, avx512cd, avx512bw, avx512vl, sha, fma, vzeroupper, avx512_vpopcntdq, avx512_vpclmulqdq, avx512_vaes, avx512_vnni, clflush, clflushopt, clwb, avx512_vbmi2, avx512_vbmi, hv
Processor Information for all 8 processors :
  Max Mhz: 2995, Current Mhz: 2995, Mhz Limit: 2995

Memory: 4k page, system-wide physical 16122M (1047M free)
TotalPageFile size 20185M (AvailPageFile size 163M)
current process WorkingSet (physical memory assigned to process): 11M, peak: 11M
current process commit charge ("private bytes"): 60M, peak: 312M

vm_info: OpenJDK 64-Bit Server VM (17.0.10+0--11572160) for windows-amd64 JRE (17.0.10+0--11572160), built on Mar 13 2024 23:56:38 by "androidbuild" with MS VC++ 16.10 / 16.11 (VS2019)

END.
